This is pdfTeX, Version 3.1415926-2.5-1.40.14 (MiKTeX 2.9) (preloaded format=pdflatex 2014.8.20)  11 SEP 2014 18:54
entering extended mode
**calendar20142015.tex
(F:\soft-elec-eng-klub\calendar\calendar20142015.tex
LaTeX2e <2011/06/27>
Babel <v3.8m> and hyphenation patterns for english, afrikaans, ancientgreek, ar
abic, armenian, assamese, basque, bengali, bokmal, bulgarian, catalan, coptic, 
croatian, czech, danish, dutch, esperanto, estonian, farsi, finnish, french, ga
lician, german, german-x-2013-05-26, greek, gujarati, hindi, hungarian, iceland
ic, indonesian, interlingua, irish, italian, kannada, kurmanji, latin, latvian,
 lithuanian, malayalam, marathi, mongolian, mongolianlmc, monogreek, ngerman, n
german-x-2013-05-26, nynorsk, oriya, panjabi, pinyin, polish, portuguese, roman
ian, russian, sanskrit, serbian, slovak, slovenian, spanish, swedish, swissgerm
an, tamil, telugu, turkish, turkmen, ukenglish, ukrainian, uppersorbian, usengl
ishmax, welsh, loaded.
("C:\Program Files (x86)\MiKTeX 2.9\tex\latex\base\article.cls"
Document Class: article 2007/10/19 v1.4h Standard LaTeX document class
("C:\Program Files (x86)\MiKTeX 2.9\tex\latex\base\size10.clo"
File: size10.clo 2007/10/19 v1.4h Standard LaTeX file (size option)
)
\c@part=\count79
\c@section=\count80
\c@subsection=\count81
\c@subsubsection=\count82
\c@paragraph=\count83
\c@subparagraph=\count84
\c@figure=\count85
\c@table=\count86
\abovecaptionskip=\skip41
\belowcaptionskip=\skip42
\bibindent=\dimen102
)
(F:\soft-elec-eng-klub\calendar\calendar.sty
Package: calendar 2009/04/24LaTeX2e class file `calendar' v3.1

'calendar' style 3.12009/04/24.
Created by Evan Sultanik
****** Bugs/comments/suggestions/technicalities to Evan Sultanik -- evan@sultan
ik.com ******
("C:\Program Files (x86)\MiKTeX 2.9\tex\latex\tools\tabularx.sty"
Package: tabularx 1999/01/07 v2.07 `tabularx' package (DPC)

("C:\Program Files (x86)\MiKTeX 2.9\tex\latex\tools\array.sty"
Package: array 2008/09/09 v2.4c Tabular extension package (FMi)
\col@sep=\dimen103
\extrarowheight=\dimen104
\NC@list=\toks14
\extratabsurround=\skip43
\backup@length=\skip44
)
\TX@col@width=\dimen105
\TX@old@table=\dimen106
\TX@old@col=\dimen107
\TX@target=\dimen108
\TX@delta=\dimen109
\TX@cols=\count87
\TX@ftn=\toks15
)
\@currentdaynum=\count88
\c@calendardate=\count89
\StartingDayNumber=\count90
)
("C:\Program Files (x86)\MiKTeX 2.9\tex\latex\geometry\geometry.sty"
Package: geometry 2010/09/12 v5.6 Page Geometry

("C:\Program Files (x86)\MiKTeX 2.9\tex\latex\graphics\keyval.sty"
Package: keyval 1999/03/16 v1.13 key=value parser (DPC)
\KV@toks@=\toks16
)
("C:\Program Files (x86)\MiKTeX 2.9\tex\generic\oberdiek\ifpdf.sty"
Package: ifpdf 2011/01/30 v2.3 Provides the ifpdf switch (HO)
Package ifpdf Info: pdfTeX in PDF mode is detected.
)
("C:\Program Files (x86)\MiKTeX 2.9\tex\generic\oberdiek\ifvtex.sty"
Package: ifvtex 2010/03/01 v1.5 Detect VTeX and its facilities (HO)
Package ifvtex Info: VTeX not detected.
)
("C:\Program Files (x86)\MiKTeX 2.9\tex\generic\ifxetex\ifxetex.sty"
Package: ifxetex 2010/09/12 v0.6 Provides ifxetex conditional
)
\Gm@cnth=\count91
\Gm@cntv=\count92
\c@Gm@tempcnt=\count93
\Gm@bindingoffset=\dimen110
\Gm@wd@mp=\dimen111
\Gm@odd@mp=\dimen112
\Gm@even@mp=\dimen113
\Gm@layoutwidth=\dimen114
\Gm@layoutheight=\dimen115
\Gm@layouthoffset=\dimen116
\Gm@layoutvoffset=\dimen117
\Gm@dimlist=\toks17

("C:\Program Files (x86)\MiKTeX 2.9\tex\latex\geometry\geometry.cfg"))
("C:\Program Files (x86)\MiKTeX 2.9\tex\latex\hyperref\hyperref.sty"
Package: hyperref 2012/11/06 v6.83m Hypertext links for LaTeX

("C:\Program Files (x86)\MiKTeX 2.9\tex\generic\oberdiek\hobsub-hyperref.sty"
Package: hobsub-hyperref 2012/04/25 v1.12 Bundle oberdiek, subset hyperref (HO)


("C:\Program Files (x86)\MiKTeX 2.9\tex\generic\oberdiek\hobsub-generic.sty"
Package: hobsub-generic 2012/04/25 v1.12 Bundle oberdiek, subset generic (HO)
Package: hobsub 2012/04/25 v1.12 Construct package bundles (HO)
Package: infwarerr 2010/04/08 v1.3 Providing info/warning/error messages (HO)
Package: ltxcmds 2011/11/09 v1.22 LaTeX kernel commands for general use (HO)
Package: ifluatex 2010/03/01 v1.3 Provides the ifluatex switch (HO)
Package ifluatex Info: LuaTeX not detected.
Package hobsub Info: Skipping package `ifvtex' (already loaded).
Package: intcalc 2007/09/27 v1.1 Expandable calculations with integers (HO)
Package hobsub Info: Skipping package `ifpdf' (already loaded).
Package: etexcmds 2011/02/16 v1.5 Avoid name clashes with e-TeX commands (HO)
Package etexcmds Info: Could not find \expanded.
(etexcmds)             That can mean that you are not using pdfTeX 1.50 or
(etexcmds)             that some package has redefined \expanded.
(etexcmds)             In the latter case, load this package earlier.
Package: kvsetkeys 2012/04/25 v1.16 Key value parser (HO)
Package: kvdefinekeys 2011/04/07 v1.3 Define keys (HO)
Package: pdftexcmds 2011/11/29 v0.20 Utility functions of pdfTeX for LuaTeX (HO
)
Package pdftexcmds Info: LuaTeX not detected.
Package pdftexcmds Info: \pdf@primitive is available.
Package pdftexcmds Info: \pdf@ifprimitive is available.
Package pdftexcmds Info: \pdfdraftmode found.
Package: pdfescape 2011/11/25 v1.13 Implements pdfTeX's escape features (HO)
Package: bigintcalc 2012/04/08 v1.3 Expandable calculations on big integers (HO
)
Package: bitset 2011/01/30 v1.1 Handle bit-vector datatype (HO)
Package: uniquecounter 2011/01/30 v1.2 Provide unlimited unique counter (HO)
)
Package hobsub Info: Skipping package `hobsub' (already loaded).
Package: letltxmacro 2010/09/02 v1.4 Let assignment for LaTeX macros (HO)
Package: hopatch 2011/06/24 v1.1 Wrapper for package hooks (HO)
Package: xcolor-patch 2011/01/30 xcolor patch
Package: atveryend 2011/06/30 v1.8 Hooks at the very end of document (HO)
Package atveryend Info: \enddocument detected (standard20110627).
Package: atbegshi 2011/10/05 v1.16 At begin shipout hook (HO)
Package: refcount 2011/10/16 v3.4 Data extraction from label references (HO)
Package: hycolor 2011/01/30 v1.7 Color options for hyperref/bookmark (HO)
)
("C:\Program Files (x86)\MiKTeX 2.9\tex\latex\oberdiek\auxhook.sty"
Package: auxhook 2011/03/04 v1.3 Hooks for auxiliary files (HO)
)
("C:\Program Files (x86)\MiKTeX 2.9\tex\latex\oberdiek\kvoptions.sty"
Package: kvoptions 2011/06/30 v3.11 Key value format for package options (HO)
)
\@linkdim=\dimen118
\Hy@linkcounter=\count94
\Hy@pagecounter=\count95

("C:\Program Files (x86)\MiKTeX 2.9\tex\latex\hyperref\pd1enc.def"
File: pd1enc.def 2012/11/06 v6.83m Hyperref: PDFDocEncoding definition (HO)
)
\Hy@SavedSpaceFactor=\count96

("C:\Program Files (x86)\MiKTeX 2.9\tex\latex\00miktex\hyperref.cfg"
File: hyperref.cfg 2002/06/06 v1.2 hyperref configuration of TeXLive
)
Package hyperref Info: Hyper figures OFF on input line 4443.
Package hyperref Info: Link nesting OFF on input line 4448.
Package hyperref Info: Hyper index ON on input line 4451.
Package hyperref Info: Plain pages OFF on input line 4458.
Package hyperref Info: Backreferencing OFF on input line 4463.
Package hyperref Info: Implicit mode ON; LaTeX internals redefined.
Package hyperref Info: Bookmarks ON on input line 4688.
\c@Hy@tempcnt=\count97

("C:\Program Files (x86)\MiKTeX 2.9\tex\latex\url\url.sty"
\Urlmuskip=\muskip10
Package: url 2013/09/16  ver 3.4  Verb mode for urls, etc.
)
LaTeX Info: Redefining \url on input line 5041.
\XeTeXLinkMargin=\dimen119
\Fld@menulength=\count98
\Field@Width=\dimen120
\Fld@charsize=\dimen121
Package hyperref Info: Hyper figures OFF on input line 6295.
Package hyperref Info: Link nesting OFF on input line 6300.
Package hyperref Info: Hyper index ON on input line 6303.
Package hyperref Info: backreferencing OFF on input line 6310.
Package hyperref Info: Link coloring OFF on input line 6315.
Package hyperref Info: Link coloring with OCG OFF on input line 6320.
Package hyperref Info: PDF/A mode OFF on input line 6325.
LaTeX Info: Redefining \ref on input line 6365.
LaTeX Info: Redefining \pageref on input line 6369.
\Hy@abspage=\count99
\c@Item=\count100
\c@Hfootnote=\count101
)

Package hyperref Message: Driver (autodetected): hpdftex.

("C:\Program Files (x86)\MiKTeX 2.9\tex\latex\hyperref\hpdftex.def"
File: hpdftex.def 2012/11/06 v6.83m Hyperref driver for pdfTeX
\Fld@listcount=\count102
\c@bookmark@seq@number=\count103

("C:\Program Files (x86)\MiKTeX 2.9\tex\latex\oberdiek\rerunfilecheck.sty"
Package: rerunfilecheck 2011/04/15 v1.7 Rerun checks for auxiliary files (HO)
Package uniquecounter Info: New unique counter `rerunfilecheck' on input line 2
82.
)
\Hy@SectionHShift=\skip45
)
Package hyperref Info: Option `colorlinks' set `true' on input line 29.

(F:\soft-elec-eng-klub\calendar\calendar20142015.aux)
LaTeX Font Info:    Checking defaults for OML/cmm/m/it on input line 53.
LaTeX Font Info:    ... okay on input line 53.
LaTeX Font Info:    Checking defaults for T1/cmr/m/n on input line 53.
LaTeX Font Info:    ... okay on input line 53.
LaTeX Font Info:    Checking defaults for OT1/cmr/m/n on input line 53.
LaTeX Font Info:    ... okay on input line 53.
LaTeX Font Info:    Checking defaults for OMS/cmsy/m/n on input line 53.
LaTeX Font Info:    ... okay on input line 53.
LaTeX Font Info:    Checking defaults for OMX/cmex/m/n on input line 53.
LaTeX Font Info:    ... okay on input line 53.
LaTeX Font Info:    Checking defaults for U/cmr/m/n on input line 53.
LaTeX Font Info:    ... okay on input line 53.
LaTeX Font Info:    Checking defaults for PD1/pdf/m/n on input line 53.
LaTeX Font Info:    ... okay on input line 53.

*geometry* driver: auto-detecting
*geometry* detected driver: pdftex
*geometry* verbose mode - [ preamble ] result:
* driver: pdftex
* paper: <default>
* layout: <same size as paper>
* layoutoffset:(h,v)=(0.0pt,0.0pt)
* modes: landscape 
* h-part:(L,W,R)=(36.135pt, 722.7pt, 36.135pt)
* v-part:(T,H,B)=(36.135pt, 542.02501pt, 36.135pt)
* \paperwidth=794.96999pt
* \paperheight=614.295pt
* \textwidth=722.7pt
* \textheight=542.02501pt
* \oddsidemargin=-36.135pt
* \evensidemargin=-36.135pt
* \topmargin=-73.135pt
* \headheight=12.0pt
* \headsep=25.0pt
* \topskip=10.0pt
* \footskip=30.0pt
* \marginparwidth=144.0pt
* \marginparsep=11.0pt
* \columnsep=10.0pt
* \skip\footins=9.0pt plus 4.0pt minus 2.0pt
* \hoffset=0.0pt
* \voffset=0.0pt
* \mag=1000
* \@twocolumnfalse
* \@twosidefalse
* \@mparswitchfalse
* \@reversemarginfalse
* (1in=72.27pt=25.4mm, 1cm=28.453pt)

\AtBeginShipoutBox=\box26
("C:\Program Files (x86)\MiKTeX 2.9\tex\latex\graphics\color.sty"
Package: color 2005/11/14 v1.0j Standard LaTeX Color (DPC)

("C:\Program Files (x86)\MiKTeX 2.9\tex\latex\00miktex\color.cfg"
File: color.cfg 2007/01/18 v1.5 color configuration of teTeX/TeXLive
)
Package color Info: Driver file: pdftex.def on input line 130.

("C:\Program Files (x86)\MiKTeX 2.9\tex\latex\pdftex-def\pdftex.def"
File: pdftex.def 2011/05/27 v0.06d Graphics/color for pdfTeX
\Gread@gobject=\count104

("C:\Program Files (x86)\MiKTeX 2.9\tex\context\base\supp-pdf.mkii"
[Loading MPS to PDF converter (version 2006.09.02).]
\scratchcounter=\count105
\scratchdimen=\dimen122
\scratchbox=\box27
\nofMPsegments=\count106
\nofMParguments=\count107
\everyMPshowfont=\toks18
\MPscratchCnt=\count108
\MPscratchDim=\dimen123
\MPnumerator=\count109
\makeMPintoPDFobject=\count110
\everyMPtoPDFconversion=\toks19
)))
Package hyperref Info: Link coloring ON on input line 53.
 ("C:\Program Files (x86)\MiKTeX 2.9\tex\latex\hyperref\nameref.sty"
Package: nameref 2012/10/27 v2.43 Cross-referencing by name of section

("C:\Program Files (x86)\MiKTeX 2.9\tex\generic\oberdiek\gettitlestring.sty"
Package: gettitlestring 2010/12/03 v1.4 Cleanup title references (HO)
)
\c@section@level=\count111
)
LaTeX Info: Redefining \ref on input line 53.
LaTeX Info: Redefining \pageref on input line 53.
LaTeX Info: Redefining \nameref on input line 53.

(F:\soft-elec-eng-klub\calendar\calendar20142015.out)
(F:\soft-elec-eng-klub\calendar\calendar20142015.out)
\@outlinefile=\write3
\@calendarwidth=\dimen124
\@currday=\count112
\@numdays=\count113

Overfull \hbox (2.49861pt too wide) in paragraph at lines 148--148
 \OT1/cmr/m/it/10 10
 []


Overfull \hbox (2.49861pt too wide) in paragraph at lines 148--148
 \OT1/cmr/m/it/10 11
 []


Overfull \hbox (2.49861pt too wide) in paragraph at lines 148--148
 \OT1/cmr/m/it/10 12
 []


Overfull \hbox (2.49861pt too wide) in paragraph at lines 148--148
 \OT1/cmr/m/it/10 13
 []


Overfull \hbox (2.49861pt too wide) in paragraph at lines 148--148
 \OT1/cmr/m/it/10 14
 []


Overfull \hbox (2.49861pt too wide) in paragraph at lines 148--148
 \OT1/cmr/m/it/10 15
 []


Overfull \hbox (2.49861pt too wide) in paragraph at lines 148--148
 \OT1/cmr/m/it/10 16
 []


Overfull \hbox (2.49861pt too wide) in paragraph at lines 148--148
 \OT1/cmr/m/it/10 17
 []


Overfull \hbox (2.49861pt too wide) in paragraph at lines 148--148
 \OT1/cmr/m/it/10 18
 []


Overfull \hbox (2.49861pt too wide) in paragraph at lines 148--148
 \OT1/cmr/m/it/10 19
 []


Overfull \hbox (2.49861pt too wide) in paragraph at lines 148--148
 \OT1/cmr/m/it/10 20
 []


Overfull \hbox (2.49861pt too wide) in paragraph at lines 148--148
 \OT1/cmr/m/it/10 21
 []


Overfull \hbox (2.49861pt too wide) in paragraph at lines 148--148
 \OT1/cmr/m/it/10 22
 []


Overfull \hbox (2.49861pt too wide) in paragraph at lines 148--148
 \OT1/cmr/m/it/10 23
 []


Overfull \hbox (2.49861pt too wide) in paragraph at lines 148--148
 \OT1/cmr/m/it/10 24
 []


Overfull \hbox (2.49861pt too wide) in paragraph at lines 148--148
 \OT1/cmr/m/it/10 25
 []


Overfull \hbox (2.49861pt too wide) in paragraph at lines 148--148
 \OT1/cmr/m/it/10 26
 []


Overfull \hbox (2.49861pt too wide) in paragraph at lines 148--148
 \OT1/cmr/m/it/10 27
 []


Overfull \hbox (2.49861pt too wide) in paragraph at lines 148--148
 \OT1/cmr/m/it/10 28
 []


Overfull \hbox (2.49861pt too wide) in paragraph at lines 148--148
 \OT1/cmr/m/it/10 29
 []


Overfull \hbox (2.49861pt too wide) in paragraph at lines 148--148
 \OT1/cmr/m/it/10 30
 []


Overfull \hbox (15.0pt too wide) in paragraph at lines 148--149
[][]
 []


Underfull \hbox (badness 10000) in paragraph at lines 148--149

 []

[1

{C:/ProgramData/MiKTeX/2.9/pdftex/config/pdftex.map}]
\@calendarwidth=\dimen125
\@currday=\count114
\@numdays=\count115

Overfull \hbox (2.49861pt too wide) in paragraph at lines 237--237
 \OT1/cmr/m/it/10 10
 []


Overfull \hbox (2.49861pt too wide) in paragraph at lines 237--237
 \OT1/cmr/m/it/10 11
 []


Overfull \hbox (2.49861pt too wide) in paragraph at lines 237--237
 \OT1/cmr/m/it/10 12
 []


Overfull \hbox (2.49861pt too wide) in paragraph at lines 237--237
 \OT1/cmr/m/it/10 13
 []


Overfull \hbox (2.49861pt too wide) in paragraph at lines 237--237
 \OT1/cmr/m/it/10 14
 []


Overfull \hbox (2.49861pt too wide) in paragraph at lines 237--237
 \OT1/cmr/m/it/10 15
 []


Overfull \hbox (2.49861pt too wide) in paragraph at lines 237--237
 \OT1/cmr/m/it/10 16
 []


Overfull \hbox (2.49861pt too wide) in paragraph at lines 237--237
 \OT1/cmr/m/it/10 17
 []


Overfull \hbox (2.49861pt too wide) in paragraph at lines 237--237
 \OT1/cmr/m/it/10 18
 []


Overfull \hbox (2.49861pt too wide) in paragraph at lines 237--237
 \OT1/cmr/m/it/10 19
 []


Overfull \hbox (2.49861pt too wide) in paragraph at lines 237--237
 \OT1/cmr/m/it/10 20
 []


Overfull \hbox (2.49861pt too wide) in paragraph at lines 237--237
 \OT1/cmr/m/it/10 21
 []


Overfull \hbox (2.49861pt too wide) in paragraph at lines 237--237
 \OT1/cmr/m/it/10 22
 []


Overfull \hbox (2.49861pt too wide) in paragraph at lines 237--237
 \OT1/cmr/m/it/10 23
 []


Overfull \hbox (2.49861pt too wide) in paragraph at lines 237--237
 \OT1/cmr/m/it/10 24
 []


Overfull \hbox (2.49861pt too wide) in paragraph at lines 237--237
 \OT1/cmr/m/it/10 25
 []


Overfull \hbox (2.49861pt too wide) in paragraph at lines 237--237
 \OT1/cmr/m/it/10 26
 []


Overfull \hbox (2.49861pt too wide) in paragraph at lines 237--237
 \OT1/cmr/m/it/10 27
 []


Overfull \hbox (2.49861pt too wide) in paragraph at lines 237--237
 \OT1/cmr/m/it/10 28
 []


Overfull \hbox (2.49861pt too wide) in paragraph at lines 237--237
 \OT1/cmr/m/it/10 29
 []


Overfull \hbox (2.49861pt too wide) in paragraph at lines 237--237
 \OT1/cmr/m/it/10 30
 []


Overfull \hbox (15.0pt too wide) in paragraph at lines 237--238
[][]
 []


Underfull \hbox (badness 10000) in paragraph at lines 237--238

 []

[2]
\@calendarwidth=\dimen126
\@currday=\count116
\@numdays=\count117

Overfull \hbox (2.49861pt too wide) in paragraph at lines 321--321
 \OT1/cmr/m/it/10 10
 []


Overfull \hbox (2.49861pt too wide) in paragraph at lines 321--321
 \OT1/cmr/m/it/10 11
 []


Overfull \hbox (2.49861pt too wide) in paragraph at lines 321--321
 \OT1/cmr/m/it/10 12
 []


Overfull \hbox (2.49861pt too wide) in paragraph at lines 321--321
 \OT1/cmr/m/it/10 13
 []


Overfull \hbox (2.49861pt too wide) in paragraph at lines 321--321
 \OT1/cmr/m/it/10 14
 []


Overfull \hbox (2.49861pt too wide) in paragraph at lines 321--321
 \OT1/cmr/m/it/10 15
 []


Overfull \hbox (2.49861pt too wide) in paragraph at lines 321--321
 \OT1/cmr/m/it/10 16
 []


Overfull \hbox (2.49861pt too wide) in paragraph at lines 321--321
 \OT1/cmr/m/it/10 17
 []


Overfull \hbox (2.49861pt too wide) in paragraph at lines 321--321
 \OT1/cmr/m/it/10 18
 []


Overfull \hbox (2.49861pt too wide) in paragraph at lines 321--321
 \OT1/cmr/m/it/10 19
 []


Overfull \hbox (2.49861pt too wide) in paragraph at lines 321--321
 \OT1/cmr/m/it/10 20
 []


Overfull \hbox (2.49861pt too wide) in paragraph at lines 321--321
 \OT1/cmr/m/it/10 21
 []


Overfull \hbox (2.49861pt too wide) in paragraph at lines 321--321
 \OT1/cmr/m/it/10 22
 []


Overfull \hbox (2.49861pt too wide) in paragraph at lines 321--321
 \OT1/cmr/m/it/10 23
 []


Overfull \hbox (2.49861pt too wide) in paragraph at lines 321--321
 \OT1/cmr/m/it/10 24
 []


Overfull \hbox (2.49861pt too wide) in paragraph at lines 321--321
 \OT1/cmr/m/it/10 25
 []


Overfull \hbox (2.49861pt too wide) in paragraph at lines 321--321
 \OT1/cmr/m/it/10 26
 []


Overfull \hbox (2.49861pt too wide) in paragraph at lines 321--321
 \OT1/cmr/m/it/10 27
 []


Overfull \hbox (2.49861pt too wide) in paragraph at lines 321--321
 \OT1/cmr/m/it/10 28
 []


Overfull \hbox (2.49861pt too wide) in paragraph at lines 321--321
 \OT1/cmr/m/it/10 29
 []


Overfull \hbox (15.0pt too wide) in paragraph at lines 321--322
[][]
 []


Underfull \hbox (badness 10000) in paragraph at lines 321--322

 []

[3]
\@calendarwidth=\dimen127
\@currday=\count118
\@numdays=\count119

Overfull \hbox (2.49861pt too wide) in paragraph at lines 407--407
 \OT1/cmr/m/it/10 10
 []


Overfull \hbox (2.49861pt too wide) in paragraph at lines 407--407
 \OT1/cmr/m/it/10 11
 []


Overfull \hbox (2.49861pt too wide) in paragraph at lines 407--407
 \OT1/cmr/m/it/10 12
 []


Overfull \hbox (2.49861pt too wide) in paragraph at lines 407--407
 \OT1/cmr/m/it/10 13
 []


Overfull \hbox (2.49861pt too wide) in paragraph at lines 407--407
 \OT1/cmr/m/it/10 14
 []


Overfull \hbox (2.49861pt too wide) in paragraph at lines 407--407
 \OT1/cmr/m/it/10 15
 []


Overfull \hbox (2.49861pt too wide) in paragraph at lines 407--407
 \OT1/cmr/m/it/10 16
 []


Overfull \hbox (2.49861pt too wide) in paragraph at lines 407--407
 \OT1/cmr/m/it/10 17
 []


Overfull \hbox (2.49861pt too wide) in paragraph at lines 407--407
 \OT1/cmr/m/it/10 18
 []


Overfull \hbox (2.49861pt too wide) in paragraph at lines 407--407
 \OT1/cmr/m/it/10 19
 []


Overfull \hbox (2.49861pt too wide) in paragraph at lines 407--407
 \OT1/cmr/m/it/10 20
 []


Overfull \hbox (2.49861pt too wide) in paragraph at lines 407--407
 \OT1/cmr/m/it/10 21
 []


Overfull \hbox (2.49861pt too wide) in paragraph at lines 407--407
 \OT1/cmr/m/it/10 22
 []


Overfull \hbox (2.49861pt too wide) in paragraph at lines 407--407
 \OT1/cmr/m/it/10 23
 []


Overfull \hbox (2.49861pt too wide) in paragraph at lines 407--407
 \OT1/cmr/m/it/10 24
 []


Overfull \hbox (2.49861pt too wide) in paragraph at lines 407--407
 \OT1/cmr/m/it/10 25
 []


Overfull \hbox (2.49861pt too wide) in paragraph at lines 407--407
 \OT1/cmr/m/it/10 26
 []


Overfull \hbox (2.49861pt too wide) in paragraph at lines 407--407
 \OT1/cmr/m/it/10 27
 []


Overfull \hbox (2.49861pt too wide) in paragraph at lines 407--407
 \OT1/cmr/m/it/10 28
 []


Overfull \hbox (2.49861pt too wide) in paragraph at lines 407--407
 \OT1/cmr/m/it/10 29
 []


Overfull \hbox (2.49861pt too wide) in paragraph at lines 407--407
 \OT1/cmr/m/it/10 30
 []


Overfull \hbox (2.49861pt too wide) in paragraph at lines 407--407
 \OT1/cmr/m/it/10 31
 []


Overfull \hbox (15.0pt too wide) in paragraph at lines 407--408
[][]
 []


Underfull \hbox (badness 10000) in paragraph at lines 407--408

 []

Package atveryend Info: Empty hook `BeforeClearDocument' on input line 409.
[4]
Package atveryend Info: Empty hook `AfterLastShipout' on input line 409.
 (F:\soft-elec-eng-klub\calendar\calendar20142015.aux)
Package atveryend Info: Executing hook `AtVeryEndDocument' on input line 409.
Package atveryend Info: Executing hook `AtEndAfterFileList' on input line 409.
Package rerunfilecheck Info: File `calendar20142015.out' has not changed.
(rerunfilecheck)             Checksum: D41D8CD98F00B204E9800998ECF8427E;0.
Package atveryend Info: Empty hook `AtVeryVeryEnd' on input line 409.
 ) 
Here is how much of TeX's memory you used:
 5380 strings out of 493921
 80039 string characters out of 3144864
 187060 words of memory out of 3000000
 8665 multiletter control sequences out of 15000+200000
 5199 words of font info for 19 fonts, out of 3000000 for 9000
 841 hyphenation exceptions out of 8191
 29i,10n,32p,289b,318s stack positions out of 5000i,500n,10000p,200000b,50000s
<C:/Program Files (x86)/MiKTeX 2.9/fonts/type1/public/amsfonts/cm/cmbx7.pfb><
C:/Program Files (x86)/MiKTeX 2.9/fonts/type1/public/amsfonts/cm/cmcsc10.pfb><C
:/Program Files (x86)/MiKTeX 2.9/fonts/type1/public/amsfonts/cm/cmr7.pfb><C:/Pr
ogram Files (x86)/MiKTeX 2.9/fonts/type1/public/amsfonts/cm/cmti10.pfb>
Output written on calendar20142015.pdf (4 pages, 68484 bytes).
PDF statistics:
 39 PDF objects out of 1000 (max. 8388607)
 5 named destinations out of 1000 (max. 500000)
 1 words of extra memory for PDF output out of 10000 (max. 10000000)

